This is pdfTeX, Version 3.14159265-2.6-1.40.18 (MiKTeX 2.9.6600 64-bit) (preloaded format=pdflatex 2020.5.5)  31 MAY 2020 22:12
entering extended mode
**D:/github/libro-sig/latex/def/definitions.tex
(D:/github/libro-sig/latex/def/definitions.tex
LaTeX2e <2017-04-15>
Babel <3.17> and hyphenation patterns for 75 language(s) loaded.

! LaTeX Error: \usepackage before \documentclass.

See the LaTeX manual or LaTeX Companion for explanation.
Type  H <return>  for immediate help.
 ...                                              
                                                  
l.1 \usepackage[T1]{
                    fontenc}
\usepackage may only appear in the document preamble, i.e.,
between \documentclass and \begin{document}.


! LaTeX Error: \usepackage before \documentclass.

See the LaTeX manual or LaTeX Companion for explanation.
Type  H <return>  for immediate help.
 ...                                              
                                                  
l.2 \usepackage[spanish]{
                         babel}
\usepackage may only appear in the document preamble, i.e.,
between \documentclass and \begin{document}.


! LaTeX Error: \usepackage before \documentclass.

See the LaTeX manual or LaTeX Companion for explanation.
Type  H <return>  for immediate help.
 ...                                              
                                                  
l.3 \usepackage{
                libertine}
\usepackage may only appear in the document preamble, i.e.,
between \documentclass and \begin{document}.


! LaTeX Error: \usepackage before \documentclass.

See the LaTeX manual or LaTeX Companion for explanation.
Type  H <return>  for immediate help.
 ...                                              
                                                  
l.4 \usepackage{
                latexsym}
\usepackage may only appear in the document preamble, i.e.,
between \documentclass and \begin{document}.


! LaTeX Error: \usepackage before \documentclass.

See the LaTeX manual or LaTeX Companion for explanation.
Type  H <return>  for immediate help.
 ...                                              
                                                  
l.5 \usepackage{
                amssymb}
\usepackage may only appear in the document preamble, i.e.,
between \documentclass and \begin{document}.


! LaTeX Error: \usepackage before \documentclass.

See the LaTeX manual or LaTeX Companion for explanation.
Type  H <return>  for immediate help.
 ...                                              
                                                  
l.6 \usepackage{
                amsmath}
\usepackage may only appear in the document preamble, i.e.,
between \documentclass and \begin{document}.


! LaTeX Error: \usepackage before \documentclass.

See the LaTeX manual or LaTeX Companion for explanation.
Type  H <return>  for immediate help.
 ...                                              
                                                  
l.7 \usepackage[pdftex]{
                        graphicx}
\usepackage may only appear in the document preamble, i.e.,
between \documentclass and \begin{document}.


! LaTeX Error: \usepackage before \documentclass.

See the LaTeX manual or LaTeX Companion for explanation.
Type  H <return>  for immediate help.
 ...                                              
                                                  
l.8 \usepackage[latin1]{
                        inputenc}
\usepackage may only appear in the document preamble, i.e.,
between \documentclass and \begin{document}.


! LaTeX Error: \usepackage before \documentclass.

See the LaTeX manual or LaTeX Companion for explanation.
Type  H <return>  for immediate help.
 ...                                              
                                                  
l.9 \usepackage{
                tabularx}
\usepackage may only appear in the document preamble, i.e.,
between \documentclass and \begin{document}.


! LaTeX Error: \usepackage before \documentclass.

See the LaTeX manual or LaTeX Companion for explanation.
Type  H <return>  for immediate help.
 ...                                              
                                                  
l.10 \usepackage{
                 array}
\usepackage may only appear in the document preamble, i.e.,
between \documentclass and \begin{document}.


! LaTeX Error: \usepackage before \documentclass.

See the LaTeX manual or LaTeX Companion for explanation.
Type  H <return>  for immediate help.
 ...                                              
                                                  
l.11 \usepackage{
                 booktabs}
\usepackage may only appear in the document preamble, i.e.,
between \documentclass and \begin{document}.


! LaTeX Error: \usepackage before \documentclass.

See the LaTeX manual or LaTeX Companion for explanation.
Type  H <return>  for immediate help.
 ...                                              
                                                  
l.12 \usepackage{
                 hyperref}
\usepackage may only appear in the document preamble, i.e.,
between \documentclass and \begin{document}.


! LaTeX Error: \usepackage before \documentclass.

See the LaTeX manual or LaTeX Companion for explanation.
Type  H <return>  for immediate help.
 ...                                              
                                                  
l.13 \usepackage{
                 xspace}
\usepackage may only appear in the document preamble, i.e.,
between \documentclass and \begin{document}.


! LaTeX Error: \usepackage before \documentclass.

See the LaTeX manual or LaTeX Companion for explanation.
Type  H <return>  for immediate help.
 ...                                              
                                                  
l.14 \usepackage{
                 color}
\usepackage may only appear in the document preamble, i.e.,
between \documentclass and \begin{document}.


! LaTeX Error: \usepackage before \documentclass.

See the LaTeX manual or LaTeX Companion for explanation.
Type  H <return>  for immediate help.
 ...                                              
                                                  
l.15 \usepackage{
                 paralist}
\usepackage may only appear in the document preamble, i.e.,
between \documentclass and \begin{document}.


! LaTeX Error: \usepackage before \documentclass.

See the LaTeX manual or LaTeX Companion for explanation.
Type  H <return>  for immediate help.
 ...                                              
                                                  
l.16 \usepackage{
                 fancyhdr}
\usepackage may only appear in the document preamble, i.e.,
between \documentclass and \begin{document}.


! LaTeX Error: \usepackage before \documentclass.

See the LaTeX manual or LaTeX Companion for explanation.
Type  H <return>  for immediate help.
 ...                                              
                                                  
l.17 \usepackage{
                 geometry}
\usepackage may only appear in the document preamble, i.e.,
between \documentclass and \begin{document}.


! LaTeX Error: \usepackage before \documentclass.

See the LaTeX manual or LaTeX Companion for explanation.
Type  H <return>  for immediate help.
 ...                                              
                                                  
l.18 \usepackage{
                 bibentry}
\usepackage may only appear in the document preamble, i.e.,
between \documentclass and \begin{document}.


! LaTeX Error: \usepackage before \documentclass.

See the LaTeX manual or LaTeX Companion for explanation.
Type  H <return>  for immediate help.
 ...                                              
                                                  
l.19 \usepackage{
                 multicol}
\usepackage may only appear in the document preamble, i.e.,
between \documentclass and \begin{document}.


! LaTeX Error: \usepackage before \documentclass.

See the LaTeX manual or LaTeX Companion for explanation.
Type  H <return>  for immediate help.
 ...                                              
                                                  
l.20 \usepackage{
                 float}
\usepackage may only appear in the document preamble, i.e.,
between \documentclass and \begin{document}.


! LaTeX Error: \usepackage before \documentclass.

See the LaTeX manual or LaTeX Companion for explanation.
Type  H <return>  for immediate help.
 ...                                              
                                                  
l.21 \usepackage[raggedright]{
                              titlesec}
\usepackage may only appear in the document preamble, i.e.,
between \documentclass and \begin{document}.


! LaTeX Error: \usepackage before \documentclass.

See the LaTeX manual or LaTeX Companion for explanation.
Type  H <return>  for immediate help.
 ...                                              
                                                  
l.22 \usepackage[protrusion=true,expansion=true]{
                                                 microtype}
\usepackage may only appear in the document preamble, i.e.,
between \documentclass and \begin{document}.


! LaTeX Error: \usepackage before \documentclass.

See the LaTeX manual or LaTeX Companion for explanation.
Type  H <return>  for immediate help.
 ...                                              
                                                  
l.23 \usepackage{
                 etoolbox}
\usepackage may only appear in the document preamble, i.e.,
between \documentclass and \begin{document}.


! LaTeX Error: \usepackage before \documentclass.

See the LaTeX manual or LaTeX Companion for explanation.
Type  H <return>  for immediate help.
 ...                                              
                                                  
l.24 \usepackage{
                 comment}
\usepackage may only appear in the document preamble, i.e.,
between \documentclass and \begin{document}.


! LaTeX Error: \usepackage before \documentclass.

See the LaTeX manual or LaTeX Companion for explanation.
Type  H <return>  for immediate help.
 ...                                              
                                                  
l.25 \usepackage{
                 shapepar}
\usepackage may only appear in the document preamble, i.e.,
between \documentclass and \begin{document}.


! LaTeX Error: \usepackage before \documentclass.

See the LaTeX manual or LaTeX Companion for explanation.
Type  H <return>  for immediate help.
 ...                                              
                                                  
l.27 \usepackage{
                 widows-and-orphans}
\usepackage may only appear in the document preamble, i.e.,
between \documentclass and \begin{document}.

! Undefined control sequence.
l.30 \patchcmd
              {\@verbatim}
The control sequence at the end of the top line
of your error message was never \def'ed. If you have
misspelled it (e.g., `\hobx'), type `I' and the correct
spelling (e.g., `I\hbox'). Otherwise just continue,
and I'll forget about whatever was undefined.


! LaTeX Error: Missing \begin{document}.

See the LaTeX manual or LaTeX Companion for explanation.
Type  H <return>  for immediate help.
 ...                                              
                                                  
l.30 \patchcmd{\@verbatim
                         }
You're in trouble here.  Try typing  <return>  to proceed.
If that doesn't work, type  X <return>  to quit.


Overfull \hbox (20.0pt too wide) in paragraph at lines 30--30
[] 
 []


Overfull \hbox (5.24995pt too wide) in paragraph at lines 30--30
[]\OT1/cmtt/m/n/10 } 
 []


Overfull \hbox (94.49918pt too wide) in paragraph at lines 31--31
[]\OT1/cmtt/m/n/10   {\verbatim@font}[] 
 []


Overfull \hbox (125.9989pt too wide) in paragraph at lines 32--32
[]\OT1/cmtt/m/n/10   {\verbatim@font\small}[] 
 []


Overfull \hbox (31.49973pt too wide) in paragraph at lines 33--33
[]\OT1/cmtt/m/n/10   {}{}[] 
 []


Overfull \hbox (62.99945pt too wide) in paragraph at lines 34--34
[]\OT1/cmtt/m/n/10 \makeatother[] 
 []


Overfull \hbox (230.99799pt too wide) in paragraph at lines 36--36
[]\OT1/cmtt/m/n/10 \newcommand{\setttsize}[1]{\def\ttsize{#1}}%[] 
 []


Overfull \hbox (94.49918pt too wide) in paragraph at lines 37--37
[]\OT1/cmtt/m/n/10 \setttsize{\small}[] 
 []


Overfull \hbox (157.49863pt too wide) in paragraph at lines 39--39
[]\OT1/cmtt/m/n/10 \renewcommand*\ttdefault{txtt}[] 
 []


Overfull \hbox (178.49844pt too wide) in paragraph at lines 41--41
[]\OT1/cmtt/m/n/10 \renewcommand{\baselinestretch}{1}[] 
 []


Overfull \hbox (204.74821pt too wide) in paragraph at lines 42--42
[]\OT1/cmtt/m/n/10 \renewcommand{\enumerate}{\compactenum}[] 
 []


Overfull \hbox (188.99835pt too wide) in paragraph at lines 43--43
[]\OT1/cmtt/m/n/10 \setdefaultleftmargin{1mm}{}{}{}{}{}[] 
 []


Overfull \hbox (194.2483pt too wide) in paragraph at lines 44--44
[]\OT1/cmtt/m/n/10 \renewcommand{\itemize}{\compactitem}[] 
 []


Overfull \hbox (141.74876pt too wide) in paragraph at lines 45--45
[]\OT1/cmtt/m/n/10 \setlength{\pltopsep}{.1em}[] 
 []


Overfull \hbox (157.49863pt too wide) in paragraph at lines 46--46
[]\OT1/cmtt/m/n/10 \setlength{\plpartopsep}{.1em}[] 
 []


Overfull \hbox (587.99487pt too wide) in paragraph at lines 48--48
[]\OT1/cmtt/m/n/10 \geometry{verbose,dvips,paperwidth=7.44in,paperheight=9.68in
,tmargin=2.6cm,bmargin=2.2cm, left=.8in, right=.6in}[] 
 []


Overfull \hbox (204.74821pt too wide) in paragraph at lines 49--49
[]\OT1/cmtt/m/n/10 \newcommand{\mycolumnwidth}{\textwidth}[] 
 []


Overfull \hbox (246.74785pt too wide) in paragraph at lines 51--51
[]\OT1/cmtt/m/n/10 \renewcommand{\chaptermark}[1]{\markboth{#1}{}}[] 
 []


Overfull \hbox (52.49954pt too wide) in paragraph at lines 53--53
[]\OT1/cmtt/m/n/10 \fancyhf{}[] 
 []


Overfull \hbox (188.99835pt too wide) in paragraph at lines 54--54
[]\OT1/cmtt/m/n/10 \fancyhead[LE,RO]{\textsc{\thepage}}[] 
 []

Missing character: There is no ó in font cmtt10!
Missing character: There is no á in font cmtt10!

Overfull \hbox (299.24739pt too wide) in paragraph at lines 55--55
[]\OT1/cmtt/m/n/10 \fancyhead[RE]{\textsc{Sistemas de Informacin Geogrfica}}[] 

 []


Overfull \hbox (178.49844pt too wide) in paragraph at lines 56--56
[]\OT1/cmtt/m/n/10 \fancyhead[LO]{\textsc{\leftmark}}[] 
 []


Overfull \hbox (125.9989pt too wide) in paragraph at lines 57--57
[]\OT1/cmtt/m/n/10 \fancypagestyle{plain}{%[] 
 []


Overfull \hbox (62.99945pt too wide) in paragraph at lines 58--58
[]\OT1/cmtt/m/n/10 \fancyhead{}[] 
 []


Overfull \hbox (178.49844pt too wide) in paragraph at lines 59--59
[]\OT1/cmtt/m/n/10 \renewcommand{\headrulewidth}{0pt}[] 
 []


Overfull \hbox (5.24995pt too wide) in paragraph at lines 60--60
[]\OT1/cmtt/m/n/10 }[] 
 []


Overfull \hbox (167.99854pt too wide) in paragraph at lines 62--62
[]\OT1/cmtt/m/n/10 \numberwithin{equation}{section}[] 
 []


Overfull \hbox (304.49734pt too wide) in paragraph at lines 63--63
[]\OT1/cmtt/m/n/10 \renewcommand{\theequation}{\thesection.\arabic{equation}}[]
 
 []


Overfull \hbox (68.2494pt too wide) in paragraph at lines 65--65
[]\OT1/cmtt/m/n/10 \makeatletter[] 
 []


Overfull \hbox (398.99652pt too wide) in paragraph at lines 66--66
[]\OT1/cmtt/m/n/10 \def\thickhrulefill{\leavevmode \leaders \hrule height 1ex \
hfill \kern \z@}[] 
 []


Overfull \hbox (131.24886pt too wide) in paragraph at lines 67--67
[]\OT1/cmtt/m/n/10 \def\@makechapterhead#1{%[] 
 []


Overfull \hbox (94.49918pt too wide) in paragraph at lines 68--68
[]\OT1/cmtt/m/n/10   \vspace*{10\p@}%[] 
 []


Overfull \hbox (89.24922pt too wide) in paragraph at lines 69--69
[]\OT1/cmtt/m/n/10   {\parindent \z@[] 
 []


Overfull \hbox (146.99872pt too wide) in paragraph at lines 70--70
[]\OT1/cmtt/m/n/10     {\raggedleft \reset@font[] 
 []


Overfull \hbox (272.99762pt too wide) in paragraph at lines 71--71
[]\OT1/cmtt/m/n/10       \scshape \@chapapp{} \thechapter\par\nobreak}%[] 
 []


Overfull \hbox (83.99927pt too wide) in paragraph at lines 72--72
[]\OT1/cmtt/m/n/10     \par\nobreak[] 
 []


Overfull \hbox (99.74913pt too wide) in paragraph at lines 73--73
[]\OT1/cmtt/m/n/10     \vspace*{20\p@}[] 
 []


Overfull \hbox (125.9989pt too wide) in paragraph at lines 74--74
[]\OT1/cmtt/m/n/10     \interlinepenalty\@M[] 
 []


Overfull \hbox (94.49918pt too wide) in paragraph at lines 75--75
[]\OT1/cmtt/m/n/10     \begin{center}[] 
 []


Overfull \hbox (136.49881pt too wide) in paragraph at lines 76--76
[]\OT1/cmtt/m/n/10     {\Large \bfseries #1}%[] 
 []


Overfull \hbox (83.99927pt too wide) in paragraph at lines 77--77
[]\OT1/cmtt/m/n/10     \end{center}[] 
 []


Overfull \hbox (83.99927pt too wide) in paragraph at lines 78--78
[]\OT1/cmtt/m/n/10     \par\nobreak[] 
 []


Overfull \hbox (78.74931pt too wide) in paragraph at lines 79--79
[]\OT1/cmtt/m/n/10      \hrulefill[] 
 []


Overfull \hbox (47.24959pt too wide) in paragraph at lines 80--80
[]\OT1/cmtt/m/n/10      \par[] 
 []


Overfull \hbox (20.99982pt too wide) in paragraph at lines 81--81
[]\OT1/cmtt/m/n/10   }}[] 
 []


Overfull \hbox (136.49881pt too wide) in paragraph at lines 82--82
[]\OT1/cmtt/m/n/10 \def\@makeschapterhead#1{%[] 
 []


Overfull \hbox (94.49918pt too wide) in paragraph at lines 83--83
[]\OT1/cmtt/m/n/10   \vspace*{10\p@}%[] 
 []


Overfull \hbox (89.24922pt too wide) in paragraph at lines 84--84
[]\OT1/cmtt/m/n/10   {\parindent \z@[] 
 []


Overfull \hbox (146.99872pt too wide) in paragraph at lines 85--85
[]\OT1/cmtt/m/n/10     {\raggedleft \reset@font[] 
 []


Overfull \hbox (330.74712pt too wide) in paragraph at lines 86--86
[]\OT1/cmtt/m/n/10       \scshape \vphantom{\@chapapp{} \thechapter}\par\nobrea
k}%[] 
 []


Overfull \hbox (83.99927pt too wide) in paragraph at lines 87--87
[]\OT1/cmtt/m/n/10     \par\nobreak[] 
 []


Overfull \hbox (99.74913pt too wide) in paragraph at lines 88--88
[]\OT1/cmtt/m/n/10     \vspace*{20\p@}[] 
 []


Overfull \hbox (125.9989pt too wide) in paragraph at lines 89--89
[]\OT1/cmtt/m/n/10     \interlinepenalty\@M[] 
 []


Overfull \hbox (141.74876pt too wide) in paragraph at lines 90--90
[]\OT1/cmtt/m/n/10     {\Large \bfseries #1}\\[] 
 []


Overfull \hbox (73.49936pt too wide) in paragraph at lines 91--91
[]\OT1/cmtt/m/n/10     \hrulefill[] 
 []


Overfull \hbox (41.99963pt too wide) in paragraph at lines 92--92
[]\OT1/cmtt/m/n/10     \par[] 
 []


Overfull \hbox (20.99982pt too wide) in paragraph at lines 93--93
[]\OT1/cmtt/m/n/10   }}[] 
 []


Overfull \hbox (299.24739pt too wide) in paragraph at lines 95--95
[]\OT1/cmtt/m/n/10 \renewcommand{\v}[1]{\ensuremath{\overline{\mathbf{#1}}}}[] 

 []


Overfull \hbox (446.24611pt too wide) in paragraph at lines 96--96
[]\OT1/cmtt/m/n/10 \newcommand{\chapterauthor}[1]{\begin{center}\sffamily{#1}\e
nd{center}\vspace*{.5cm}}[] 
 []


Overfull \hbox (215.24812pt too wide) in paragraph at lines 97--97
[]\OT1/cmtt/m/n/10 \newcommand{\degree}{\ensuremath{^\circ}}[] 
 []


Overfull \hbox (136.49881pt too wide) in paragraph at lines 98--98
[]\OT1/cmtt/m/n/10 \newenvironment{intro}{}{}[] 
 []


Overfull \hbox (115.499pt too wide) in paragraph at lines 99--99
[]\OT1/cmtt/m/n/10 \excludecomment{intro}[] 
 []


Overfull \hbox (178.49844pt too wide) in paragraph at lines 101--101
[]\OT1/cmtt/m/n/10 \definecolor{urlcolor}{rgb}{0,0,0}[] 
 []


Overfull \hbox (99.74913pt too wide) in paragraph at lines 103--103
[]\OT1/cmtt/m/n/10 \newcommand{\lt}{<}[] 
 []


Overfull \hbox (99.74913pt too wide) in paragraph at lines 104--104
[]\OT1/cmtt/m/n/10 \newcommand{\gt}{>}[] 
 []


Overfull \hbox (62.99945pt too wide) in paragraph at lines 106--106
[]\OT1/cmtt/m/n/10 \hypersetup{[] 
 []

Missing character: There is no ó in font cmtt10!
Missing character: There is no á in font cmtt10!

Overfull \hbox (241.4979pt too wide) in paragraph at lines 107--107
[]\OT1/cmtt/m/n/10     pdftitle=Sistemas de Informacin Geogrfica,[] 
 []


Overfull \hbox (173.24849pt too wide) in paragraph at lines 108--108
[]\OT1/cmtt/m/n/10     pdfpagelayout=TwoColumnRight,[] 
 []


Overfull \hbox (131.24886pt too wide) in paragraph at lines 109--109
[]\OT1/cmtt/m/n/10     pdfproducer=PDFLaTeX,[] 
 []


Overfull \hbox (89.24922pt too wide) in paragraph at lines 110--110
[]\OT1/cmtt/m/n/10     naturalnames,[] 
 []


Overfull \hbox (78.74931pt too wide) in paragraph at lines 111--111
[]\OT1/cmtt/m/n/10     plainpages,[] 
 []


Overfull \hbox (78.74931pt too wide) in paragraph at lines 112--112
[]\OT1/cmtt/m/n/10     colorlinks,[] 
 []


Overfull \hbox (120.74895pt too wide) in paragraph at lines 113--113
[]\OT1/cmtt/m/n/10     linkcolor=urlcolor,[] 
 []


Overfull \hbox (115.499pt too wide) in paragraph at lines 114--114
[]\OT1/cmtt/m/n/10     urlcolor=urlcolor,[] 
 []


Overfull \hbox (120.74895pt too wide) in paragraph at lines 115--115
[]\OT1/cmtt/m/n/10     citecolor=urlcolor,[] 
 []


Overfull \hbox (26.24977pt too wide) in paragraph at lines 116--116
[]\OT1/cmtt/m/n/10     }[] 
 []

)
*
! Emergency stop.
<*> D:/github/libro-sig/latex/def/definitions.tex
                                                 
End of file on the terminal!

 
Here is how much of TeX's memory you used:
 11 strings out of 493303
 252 string characters out of 3138854
 58826 words of memory out of 3000000
 3662 multiletter control sequences out of 15000+200000
 3808 words of font info for 15 fonts, out of 3000000 for 9000
 1141 hyphenation exceptions out of 8191
 17i,1n,14p,161b,148s stack positions out of 5000i,500n,10000p,200000b,50000s
!  ==> Fatal error occurred, no output PDF file produced!
